[2021-07-06T12:38:56.951Z] sampletest@gmail.com - info: Welcome! Successfully signed in.
[2021-07-06T12:40:45.475Z] undefined - info: Success. Product listing created.
[2021-07-06T13:04:59.300Z] undefined - info: Server is running on port 443...
[2021-07-06T13:05:06.931Z] undefined - info: Server is running on port 443...
[2021-07-06T13:07:52.072Z] undefined - info: Server is running on port 443...
[2021-07-06T13:07:55.246Z] undefined - info: Server is running on port 443...
[2021-07-06T13:08:00.055Z] undefined - info: Server is running on port 443...
[2021-07-06T13:09:47.701Z] undefined - info: Server is running on port 443...
[2021-07-06T13:09:53.094Z] undefined - info: Server is running on port 443...
[2021-07-06T13:09:56.049Z] undefined - info: Server is running on port 443...
[2021-07-06T13:09:57.966Z] undefined - info: Server is running on port 443...
[2021-07-06T13:10:00.442Z] undefined - info: Server is running on port 443...
[2021-07-06T13:10:03.869Z] undefined - info: Server is running on port 443...
[2021-07-06T13:10:18.963Z] undefined - info: Server is running on port 443...
[2021-07-06T13:10:24.682Z] undefined - info: Server is running on port 443...
[2021-07-06T13:10:27.143Z] undefined - info: Server is running on port 443...
[2021-07-06T13:10:29.549Z] undefined - info: Server is running on port 443...
[2021-07-06T13:10:34.032Z] undefined - info: Server is running on port 443...
[2021-07-06T13:10:37.087Z] undefined - info: Server is running on port 443...
[2021-07-06T13:10:42.134Z] undefined - info: Server is running on port 443...
[2021-07-06T13:10:47.546Z] undefined - info: Server is running on port 443...
[2021-07-06T13:10:53.717Z] undefined - info: Server is running on port 443...
[2021-07-06T13:51:17.996Z] sampletest@gmail.com - info: Welcome! Successfully signed in.
[2021-07-06T13:51:21.030Z] Not available - info: Product found.
[2021-07-06T13:52:09.108Z] Not available - info: Product found.
[2021-07-06T14:17:06.670Z] undefined - info: Server is running on port 443...
[2021-07-06T14:17:32.772Z] undefined - info: Server is running on port 443...
[2021-07-06T14:20:19.429Z] undefined - info: Server is running on port 443...
[2021-07-06T14:20:21.554Z] undefined - info: Server is running on port 443...
[2021-07-06T14:29:46.724Z] undefined - info: Server is running on port 443...
[2021-07-06T14:30:04.856Z] sampletest@gmail.com - info: Welcome! Successfully signed in.
[2021-07-06T14:31:46.439Z] undefined - info: Server is running on port 443...
[2021-07-06T14:32:09.186Z] undefined - info: Server is running on port 443...
[2021-07-06T14:32:23.307Z] undefined - info: Server is running on port 443...
[2021-07-06T14:32:39.772Z] undefined - info: Server is running on port 443...
[2021-07-06T15:17:24.931Z] undefined - info: Server is running on port 443...
[2021-07-06T15:17:30.708Z] undefined - info: Server is running on port 443...
[2021-07-06T15:17:35.394Z] undefined - info: Server is running on port 443...
[2021-07-06T15:19:06.473Z] sampletest@gmail.com - info: Welcome! Successfully signed in.
[2021-07-06T15:22:58.847Z] undefined - info: Server is running on port 443...
[2021-07-06T15:23:11.823Z] undefined - info: Server is running on port 443...
[2021-07-06T15:24:42.065Z] undefined - info: Server is running on port 443...
[2021-07-06T15:24:47.657Z] undefined - info: Server is running on port 443...
[2021-07-06T15:24:50.238Z] undefined - info: Server is running on port 443...
[2021-07-06T15:25:21.598Z] undefined - info: Server is running on port 443...
[2021-07-06T15:25:27.735Z] undefined - info: Server is running on port 443...
[2021-07-06T15:56:38.644Z] undefined - info: Server is running on port 443...
[2021-07-06T15:57:06.360Z] undefined - info: Server is running on port 443...
[2021-07-06T15:57:13.968Z] undefined - info: Server is running on port 443...
[2021-07-06T15:58:00.244Z] undefined - info: Server is running on port 443...
[2021-07-06T16:21:15.171Z] undefined - info: Server is running on port 443...
[2021-07-06T16:22:59.507Z] sampletest@gmail.com - info: Welcome! Successfully signed in.
[2021-07-06T16:25:16.251Z] undefined - info: Server is running on port 443...
[2021-07-06T16:25:22.432Z] undefined - info: Server is running on port 443...
[2021-07-06T16:25:28.227Z] undefined - info: Server is running on port 443...
[2021-07-06T16:30:52.330Z] undefined - info: Server is running on port 443...
[2021-07-06T16:31:06.972Z] undefined - info: Server is running on port 443...
[2021-07-06T16:31:15.389Z] undefined - info: Server is running on port 443...
[2021-07-06T16:31:23.354Z] undefined - info: Server is running on port 443...
[2021-07-06T16:31:56.447Z] undefined - info: Server is running on port 443...
[2021-07-06T16:32:01.271Z] undefined - info: Server is running on port 443...
[2021-07-06T16:32:13.704Z] undefined - info: Server is running on port 443...
[2021-07-06T16:32:30.039Z] undefined - info: Server is running on port 443...
[2021-07-06T16:32:38.433Z] undefined - info: Server is running on port 443...
[2021-07-06T16:32:46.346Z] undefined - info: Server is running on port 443...
[2021-07-06T16:35:20.511Z] undefined - info: Server is running on port 443...
[2021-07-06T16:35:32.416Z] undefined - info: Server is running on port 443...
[2021-07-06T16:35:44.412Z] sampletest@gmail.com - info: Welcome! Successfully signed in.
[2021-07-06T16:36:04.724Z] undefined - info: Server is running on port 443...
[2021-07-06T16:36:16.373Z] undefined - info: Server is running on port 443...
[2021-07-06T16:36:21.608Z] undefined - info: Server is running on port 443...
[2021-07-06T16:36:32.183Z] undefined - info: Server is running on port 443...
[2021-07-06T16:36:39.890Z] undefined - info: Server is running on port 443...
[2021-07-06T16:37:11.053Z] undefined - info: Server is running on port 443...
[2021-07-06T16:37:13.513Z] undefined - info: Server is running on port 443...
[2021-07-06T16:37:25.311Z] undefined - info: Server is running on port 443...
[2021-07-06T16:37:29.996Z] undefined - info: Server is running on port 443...
[2021-07-06T16:38:41.281Z] undefined - info: Server is running on port 443...
[2021-07-06T16:39:09.985Z] undefined - info: Server is running on port 443...
[2021-07-06T16:39:22.597Z] undefined - info: Server is running on port 443...
[2021-07-06T16:39:28.854Z] Not available - info: Successfully updated the product listing.
[2021-07-06T16:40:30.215Z] Not available - info: Successfully updated the product listing.
[2021-07-06T16:40:59.035Z] Not available - info: Successfully updated the product listing.
[2021-07-06T16:42:02.215Z] Not available - info: Successfully updated the product listing.
[2021-07-06T16:42:27.165Z] Not available - info: Successfully updated the product listing.
[2021-07-06T17:18:50.214Z] undefined - info: Server is running on port 443...
[2021-07-06T17:19:01.106Z] undefined - info: Server is running on port 443...
[2021-07-06T17:23:47.723Z] undefined - info: Server is running on port 443...
[2021-07-06T17:34:48.340Z] undefined - info: Server is running on port 443...
[2021-07-06T17:34:54.642Z] undefined - info: Server is running on port 443...
[2021-07-06T17:35:06.983Z] sampletest@gmail.com - info: Welcome! Successfully signed in.
[2021-07-06T17:35:10.613Z] Not available - info: Successfully updated the product listing.
[2021-07-06T17:35:17.967Z] Not available - info: Successfully updated the product listing.
[2021-07-06T17:36:50.324Z] undefined - info: Server is running on port 443...
[2021-07-06T17:42:46.908Z] undefined - info: Server is running on port 443...
[2021-07-06T17:43:03.485Z] Not available - info: Successfully updated the product listing.
[2021-07-06T18:07:32.121Z] undefined - info: Server is running on port 443...
[2021-07-06T18:07:45.766Z] undefined - info: Server is running on port 443...
[2021-07-06T18:08:11.907Z] sampletest@gmail.com - info: Welcome! Successfully signed in.
[2021-07-06T18:08:14.957Z] Not available - info: Successfully updated the product listing.
[2021-07-06T18:11:26.917Z] undefined - info: Server is running on port 443...
[2021-07-06T18:11:39.484Z] undefined - info: Server is running on port 443...
[2021-07-06T18:11:49.229Z] undefined - info: Server is running on port 443...
[2021-07-06T18:11:58.825Z] undefined - info: Server is running on port 443...
[2021-07-06T18:12:03.759Z] Not available - info: Successfully updated the product listing.
[2021-07-06T18:12:22.345Z] undefined - info: Server is running on port 443...
[2021-07-06T18:14:02.232Z] undefined - info: Server is running on port 443...
[2021-07-06T18:14:05.179Z] undefined - info: Server is running on port 443...
[2021-07-06T18:14:07.998Z] undefined - info: Server is running on port 443...
[2021-07-06T18:14:19.491Z] undefined - info: Server is running on port 443...
[2021-07-06T18:14:34.015Z] undefined - info: Server is running on port 443...
[2021-07-06T18:14:45.488Z] undefined - info: Server is running on port 443...
[2021-07-06T18:14:47.665Z] undefined - info: Server is running on port 443...
[2021-07-06T18:14:57.710Z] undefined - info: Server is running on port 443...
[2021-07-06T18:15:48.774Z] undefined - info: Server is running on port 443...
[2021-07-06T18:15:54.443Z] undefined - info: Server is running on port 443...
[2021-07-06T18:15:58.131Z] undefined - info: Server is running on port 443...
[2021-07-06T18:16:09.081Z] undefined - info: Server is running on port 443...
[2021-07-06T18:16:34.548Z] undefined - info: Server is running on port 443...
[2021-07-06T18:16:47.341Z] undefined - info: Server is running on port 443...
[2021-07-06T18:17:00.998Z] undefined - info: Server is running on port 443...
[2021-07-06T18:17:14.350Z] undefined - info: Server is running on port 443...
[2021-07-06T18:17:18.203Z] undefined - info: Server is running on port 443...
[2021-07-06T18:17:18.891Z] Not available - info: Successfully updated the product listing.
[2021-07-06T18:20:02.988Z] undefined - info: Server is running on port 443...
[2021-07-06T18:20:07.034Z] undefined - info: Server is running on port 443...
[2021-07-06T18:20:11.426Z] undefined - info: Server is running on port 443...
[2021-07-06T18:20:17.021Z] undefined - info: Server is running on port 443...
[2021-07-06T18:20:19.140Z] undefined - info: Server is running on port 443...
[2021-07-06T18:20:21.668Z] undefined - info: Server is running on port 443...
[2021-07-06T18:20:25.526Z] undefined - info: Server is running on port 443...
[2021-07-06T18:20:32.091Z] undefined - info: Server is running on port 443...
[2021-07-06T18:20:42.793Z] sampletest@gmail.com - info: Welcome! Successfully signed in.
[2021-07-06T18:20:45.922Z] Not available - info: Successfully updated the product listing.
[2021-07-06T18:21:11.342Z] undefined - info: Server is running on port 443...
[2021-07-06T18:21:13.157Z] Not available - info: Successfully updated the product listing.
[2021-07-06T18:23:49.026Z] undefined - info: Server is running on port 443...
[2021-07-06T18:24:00.773Z] undefined - info: Server is running on port 443...
[2021-07-06T18:24:37.607Z] undefined - info: Server is running on port 443...
[2021-07-06T18:24:43.344Z] undefined - info: Server is running on port 443...
[2021-07-06T18:24:45.806Z] undefined - info: Server is running on port 443...
[2021-07-06T18:24:47.165Z] undefined - info: Server is running on port 443...
[2021-07-06T18:25:55.387Z] undefined - info: Server is running on port 443...
[2021-07-06T18:26:01.628Z] undefined - info: Server is running on port 443...
[2021-07-06T18:34:02.816Z] sampletest@gmail.com - info: Welcome! Successfully signed in.
[2021-07-06T18:34:29.642Z] undefined - info: Server is running on port 443...
[2021-07-06T18:34:53.107Z] undefined - info: Server is running on port 443...
[2021-07-06T18:35:35.845Z] undefined - info: Server is running on port 443...
[2021-07-07T05:22:57.798Z] undefined - info: Server is running on port 443...
[2021-07-07T05:23:10.276Z] sampletest@gmail.com - info: Welcome! Successfully signed in.
[2021-07-07T05:23:58.332Z] undefined - info: Server is running on port 443...
[2021-07-07T05:24:10.711Z] undefined - info: Server is running on port 443...
[2021-07-07T05:24:33.235Z] undefined - info: Server is running on port 443...
[2021-07-07T05:24:39.492Z] undefined - info: Server is running on port 443...
[2021-07-07T05:24:50.537Z] undefined - info: Server is running on port 443...
[2021-07-07T05:24:55.479Z] undefined - info: Server is running on port 443...
[2021-07-07T05:25:06.430Z] undefined - info: Server is running on port 443...
[2021-07-07T05:25:09.676Z] undefined - info: Server is running on port 443...
[2021-07-07T05:25:14.692Z] undefined - info: Server is running on port 443...
[2021-07-07T05:27:32.100Z] undefined - info: Server is running on port 443...
[2021-07-07T05:27:40.891Z] undefined - info: Server is running on port 443...
[2021-07-07T05:27:44.680Z] undefined - info: Server is running on port 443...
[2021-07-07T05:27:50.689Z] undefined - info: Server is running on port 443...
[2021-07-07T05:27:55.126Z] undefined - info: Server is running on port 443...
[2021-07-07T05:27:57.828Z] undefined - info: Server is running on port 443...
[2021-07-07T05:28:59.135Z] undefined - info: Server is running on port 443...
[2021-07-07T05:29:04.658Z] undefined - info: Server is running on port 443...
[2021-07-07T05:34:51.345Z] undefined - info: Server is running on port 443...
[2021-07-07T05:35:01.749Z] undefined - info: Server is running on port 443...
[2021-07-07T05:35:13.548Z] undefined - info: Server is running on port 443...
[2021-07-07T05:35:18.265Z] undefined - info: Server is running on port 443...
[2021-07-07T05:35:20.768Z] undefined - info: Server is running on port 443...
[2021-07-07T05:35:33.077Z] undefined - info: Server is running on port 443...
[2021-07-07T05:35:41.280Z] undefined - info: Server is running on port 443...
[2021-07-07T05:36:15.116Z] undefined - info: Server is running on port 443...
[2021-07-07T05:36:18.418Z] undefined - info: Server is running on port 443...
[2021-07-07T05:36:23.475Z] undefined - info: Server is running on port 443...
[2021-07-07T05:36:29.468Z] undefined - info: Server is running on port 443...
[2021-07-07T05:36:34.325Z] undefined - info: Server is running on port 443...
[2021-07-07T05:36:38.598Z] undefined - info: Server is running on port 443...
[2021-07-07T05:36:53.386Z] undefined - info: Server is running on port 443...
[2021-07-07T05:36:56.335Z] undefined - info: Server is running on port 443...
[2021-07-07T05:37:02.753Z] undefined - info: Server is running on port 443...
[2021-07-07T05:37:05.445Z] undefined - info: Server is running on port 443...
[2021-07-07T05:37:24.977Z] sampletest@gmail.com - info: Welcome! Successfully signed in.
[2021-07-07T05:37:28.732Z] Not available - info: Successfully updated the product listing.
[2021-07-07T05:37:40.541Z] Not available - info: Successfully updated the product listing.
[2021-07-07T05:38:47.982Z] undefined - info: Server is running on port 443...
[2021-07-07T05:38:57.882Z] undefined - info: Server is running on port 443...
[2021-07-07T05:39:01.485Z] undefined - info: Server is running on port 443...
[2021-07-07T05:39:03.494Z] Not available - info: Successfully updated the product listing.
[2021-07-07T05:42:08.860Z] undefined - info: Server is running on port 443...
[2021-07-07T05:42:16.777Z] undefined - info: Server is running on port 443...
[2021-07-07T05:42:21.516Z] undefined - info: Server is running on port 443...
[2021-07-07T05:42:41.766Z] undefined - info: Server is running on port 443...
[2021-07-07T05:42:59.363Z] undefined - info: Server is running on port 443...
[2021-07-07T05:43:30.859Z] undefined - info: Server is running on port 443...
[2021-07-07T05:44:10.234Z] undefined - info: Server is running on port 443...
[2021-07-07T05:44:28.314Z] undefined - info: Server is running on port 443...
[2021-07-07T05:44:31.210Z] undefined - info: Server is running on port 443...
[2021-07-07T05:44:55.801Z] undefined - info: Server is running on port 443...
[2021-07-07T08:38:50.691Z] sampletest@gmail.com - info: Welcome! Successfully signed in.
[2021-07-07T08:40:36.781Z] undefined - info: Server is running on port 443...
[2021-07-07T08:42:25.626Z] undefined - info: Server is running on port 443...
[2021-07-07T08:42:30.448Z] undefined - info: Server is running on port 443...
[2021-07-07T08:42:33.489Z] undefined - info: Server is running on port 443...
[2021-07-07T08:42:35.509Z] undefined - info: Server is running on port 443...
[2021-07-07T08:42:40.155Z] undefined - info: Server is running on port 443...
[2021-07-07T08:42:44.003Z] undefined - info: Server is running on port 443...
[2021-07-07T08:43:04.089Z] undefined - info: Server is running on port 443...
[2021-07-07T08:43:07.876Z] undefined - info: Server is running on port 443...
[2021-07-07T08:43:39.533Z] undefined - info: Server is running on port 443...
[2021-07-07T08:43:40.850Z] undefined - info: Server is running on port 443...
[2021-07-07T08:43:46.667Z] undefined - info: Server is running on port 443...
[2021-07-07T08:43:58.393Z] undefined - info: Server is running on port 443...
[2021-07-07T08:44:01.522Z] undefined - info: Server is running on port 443...
[2021-07-07T08:44:25.779Z] undefined - info: Server is running on port 443...
[2021-07-07T08:46:06.855Z] undefined - info: Server is running on port 443...
[2021-07-07T08:46:23.793Z] undefined - info: Server is running on port 443...
[2021-07-07T08:46:27.747Z] undefined - info: Server is running on port 443...
[2021-07-07T08:46:33.629Z] undefined - info: Server is running on port 443...
[2021-07-07T08:47:25.531Z] undefined - info: Server is running on port 443...
[2021-07-07T08:50:40.066Z] undefined - info: Server is running on port 443...
[2021-07-07T08:50:43.758Z] undefined - info: Server is running on port 443...
[2021-07-07T08:51:54.393Z] undefined - info: Server is running on port 443...
[2021-07-07T08:51:57.418Z] undefined - info: Server is running on port 443...
[2021-07-07T08:52:05.576Z] sampletest@gmail.com - info: Welcome! Successfully signed in.
[2021-07-07T08:53:16.109Z] undefined - info: Server is running on port 443...
[2021-07-07T08:53:30.660Z] undefined - info: Server is running on port 443...
[2021-07-07T08:54:06.942Z] undefined - info: Server is running on port 443...
[2021-07-07T08:54:09.559Z] undefined - info: Server is running on port 443...
[2021-07-07T08:56:36.416Z] undefined - info: Server is running on port 443...
[2021-07-07T08:56:49.803Z] undefined - info: Server is running on port 443...
[2021-07-07T08:58:23.552Z] undefined - info: Server is running on port 443...
[2021-07-07T08:58:29.149Z] undefined - info: Server is running on port 443...
[2021-07-07T08:58:37.162Z] Not available - info: Successfully updated the product listing.
[2021-07-07T08:59:00.445Z] Not available - info: Successfully updated the product listing.
[2021-07-07T08:59:09.655Z] undefined - info: Server is running on port 443...
[2021-07-07T08:59:27.017Z] undefined - info: Server is running on port 443...
[2021-07-07T08:59:39.444Z] undefined - info: Server is running on port 443...
[2021-07-07T08:59:42.927Z] undefined - info: Server is running on port 443...
[2021-07-07T08:59:47.130Z] undefined - info: Server is running on port 443...
[2021-07-07T09:00:05.692Z] undefined - info: Server is running on port 443...
[2021-07-07T09:00:24.265Z] Not available - info: Successfully updated the product listing.
[2021-07-07T09:06:26.233Z] undefined - info: Server is running on port 443...
[2021-07-07T09:06:40.332Z] undefined - info: Server is running on port 443...
[2021-07-07T09:06:45.244Z] undefined - info: Server is running on port 443...
[2021-07-07T09:06:55.172Z] undefined - info: Server is running on port 443...
[2021-07-07T09:07:04.246Z] undefined - info: Server is running on port 443...
[2021-07-07T09:07:13.753Z] undefined - info: Server is running on port 443...
[2021-07-07T09:07:16.438Z] undefined - info: Server is running on port 443...
[2021-07-07T09:07:21.895Z] sampletest@gmail.com - info: Welcome! Successfully signed in.
[2021-07-07T09:07:24.434Z] Not available - info: Successfully updated the product listing.
[2021-07-07T09:08:37.587Z] undefined - info: Server is running on port 443...
[2021-07-07T09:09:18.046Z] undefined - info: Server is running on port 443...
[2021-07-07T09:14:17.207Z] undefined - info: Server is running on port 443...
[2021-07-07T09:14:20.213Z] undefined - info: Server is running on port 443...
[2021-07-07T09:14:26.433Z] undefined - info: Server is running on port 443...
[2021-07-07T09:14:27.639Z] undefined - info: Server is running on port 443...
[2021-07-07T09:14:29.565Z] undefined - info: Server is running on port 443...
[2021-07-07T09:14:31.365Z] undefined - info: Server is running on port 443...
[2021-07-07T09:14:32.663Z] Not available - info: Successfully updated the product listing.
[2021-07-07T09:14:45.380Z] undefined - info: Server is running on port 443...
[2021-07-07T09:14:48.260Z] undefined - info: Server is running on port 443...
[2021-07-07T09:14:50.084Z] undefined - info: Server is running on port 443...
[2021-07-07T09:14:53.714Z] undefined - info: Server is running on port 443...
[2021-07-07T09:14:55.624Z] undefined - info: Server is running on port 443...
[2021-07-07T09:15:01.857Z] undefined - info: Server is running on port 443...
[2021-07-07T09:15:05.536Z] Not available - info: Successfully updated the product listing.
[2021-07-07T09:17:08.386Z] undefined - info: Server is running on port 443...
[2021-07-07T09:17:25.437Z] undefined - info: Server is running on port 443...
[2021-07-07T09:17:28.792Z] undefined - info: Server is running on port 443...
[2021-07-07T09:17:33.000Z] undefined - info: Server is running on port 443...
[2021-07-07T09:17:35.360Z] undefined - info: Server is running on port 443...
[2021-07-07T09:17:36.930Z] undefined - info: Server is running on port 443...
[2021-07-07T09:17:40.082Z] undefined - info: Server is running on port 443...
[2021-07-07T09:17:43.739Z] undefined - info: Server is running on port 443...
[2021-07-07T09:17:50.652Z] sampletest@gmail.com - info: Welcome! Successfully signed in.
[2021-07-07T09:17:54.503Z] Not available - info: Successfully updated the product listing.
[2021-07-07T09:18:12.478Z] undefined - info: Server is running on port 443...
[2021-07-07T09:18:15.139Z] undefined - info: Server is running on port 443...
[2021-07-07T09:18:19.949Z] undefined - info: Server is running on port 443...
[2021-07-07T09:18:24.809Z] undefined - info: Server is running on port 443...
[2021-07-07T09:22:19.811Z] undefined - info: Server is running on port 443...
[2021-07-07T10:46:14.904Z] undefined - info: Server is running on port 443...
[2021-07-07T10:48:41.253Z] sampletest@gmail.com - info: Welcome! Successfully signed in.
[2021-07-07T10:49:26.203Z] undefined - info: Server is running on port 443...
[2021-07-07T10:52:19.622Z] undefined - info: Server is running on port 443...
[2021-07-07T10:52:20.508Z] sampletest@gmail.com - info: Welcome! Successfully signed in.
[2021-07-07T11:01:48.496Z] sampletest@gmail.com - info: Welcome! Successfully signed in.
[2021-07-07T11:08:08.028Z] undefined - info: Server is running on port 443...
[2021-07-07T11:08:10.386Z] undefined - info: Server is running on port 443...
[2021-07-07T11:08:13.829Z] undefined - info: Server is running on port 443...
[2021-07-07T11:08:34.159Z] undefined - info: Server is running on port 443...
[2021-07-07T11:08:40.379Z] undefined - info: Server is running on port 443...
[2021-07-07T11:08:43.169Z] undefined - info: Server is running on port 443...
[2021-07-07T11:08:54.795Z] undefined - info: Server is running on port 443...
[2021-07-07T11:09:07.855Z] undefined - info: Server is running on port 443...
[2021-07-07T11:09:39.339Z] undefined - info: Server is running on port 443...
[2021-07-07T11:09:41.638Z] undefined - info: Server is running on port 443...
[2021-07-07T11:11:27.882Z] undefined - info: Server is running on port 443...
[2021-07-07T11:11:48.937Z] undefined - info: Server is running on port 443...
[2021-07-07T11:11:53.632Z] sampletest@gmail.com - info: Welcome! Successfully signed in.
[2021-07-07T11:27:15.176Z] undefined - info: Server is running on port 443...
[2021-07-07T11:27:22.213Z] undefined - info: Server is running on port 443...
[2021-07-07T11:27:25.015Z] undefined - info: Server is running on port 443...
[2021-07-07T11:27:29.084Z] undefined - info: Server is running on port 443...
[2021-07-07T11:27:32.225Z] sampletest@gmail.com - info: Welcome! Successfully signed in.
[2021-07-07T11:28:04.858Z] Not available - info: Successfully updated the product listing.
[2021-07-07T11:30:55.744Z] undefined - info: Server is running on port 443...
[2021-07-07T11:30:59.858Z] undefined - info: Server is running on port 443...
[2021-07-07T11:32:45.606Z] sampletest@gmail.com - info: Welcome! Successfully signed in.
[2021-07-07T11:33:12.948Z] undefined - info: Server is running on port 443...
[2021-07-07T11:33:13.468Z] Not available - info: Successfully updated the product listing.
[2021-07-07T11:33:38.920Z] undefined - info: Server is running on port 443...
[2021-07-07T11:35:30.389Z] undefined - info: Server is running on port 443...
[2021-07-07T11:35:41.851Z] undefined - info: Server is running on port 443...
[2021-07-07T11:37:29.829Z] undefined - info: Server is running on port 443...
[2021-07-07T11:37:37.103Z] undefined - info: Server is running on port 443...
[2021-07-07T12:22:27.517Z] sampletest@gmail.com - info: Welcome! Successfully signed in.
[2021-07-07T12:23:17.329Z] undefined - info: Server is running on port 443...
[2021-07-07T12:23:22.658Z] undefined - info: Server is running on port 443...
[2021-07-07T12:23:54.420Z] undefined - info: Server is running on port 443...
[2021-07-07T12:25:06.563Z] undefined - info: Server is running on port 443...
[2021-07-07T12:25:59.870Z] undefined - info: Server is running on port 443...
[2021-07-07T12:26:00.386Z] Not available - info: Successfully deleted the product listing.
[2021-07-07T12:26:51.941Z] undefined - info: Server is running on port 443...
[2021-07-07T12:27:01.429Z] undefined - info: Server is running on port 443...
[2021-07-07T12:27:04.131Z] undefined - info: Server is running on port 443...
[2021-07-07T12:27:15.588Z] undefined - info: Server is running on port 443...
[2021-07-07T12:27:20.040Z] undefined - info: Server is running on port 443...
[2021-07-07T12:27:37.160Z] undefined - info: Server is running on port 443...
[2021-07-07T12:27:41.550Z] undefined - info: Server is running on port 443...
[2021-07-07T12:27:45.121Z] undefined - info: Server is running on port 443...
[2021-07-07T12:27:55.780Z] undefined - info: Server is running on port 443...
[2021-07-07T12:27:57.911Z] undefined - info: Server is running on port 443...
[2021-07-07T12:30:59.586Z] undefined - info: Server is running on port 443...
[2021-07-07T12:31:03.545Z] undefined - info: Server is running on port 443...
[2021-07-07T12:32:04.538Z] undefined - info: Server is running on port 443...
[2021-07-07T12:32:13.793Z] undefined - info: Server is running on port 443...
[2021-07-07T12:34:47.864Z] undefined - info: Server is running on port 443...
[2021-07-07T12:34:56.529Z] undefined - info: Server is running on port 443...
[2021-07-07T12:35:04.518Z] undefined - info: Server is running on port 443...
[2021-07-07T12:36:10.425Z] sampletest@gmail.com - info: Welcome! Successfully signed in.
[2021-07-07T12:36:16.692Z] Not available - info: Successfully deleted the product listing.
[2021-07-07T12:38:49.497Z] undefined - info: Server is running on port 443...
[2021-07-07T12:38:54.089Z] undefined - info: Server is running on port 443...
[2021-07-07T12:38:59.713Z] Not available - info: Successfully deleted the product listing.
[2021-07-07T12:44:35.966Z] undefined - info: Server is running on port 443...
[2021-07-07T12:44:46.450Z] undefined - info: Server is running on port 443...
[2021-07-07T12:44:58.574Z] undefined - info: Server is running on port 443...
[2021-07-07T12:45:09.321Z] undefined - info: Server is running on port 443...
[2021-07-07T12:45:12.610Z] undefined - info: Server is running on port 443...
[2021-07-07T12:45:13.410Z] Not available - info: Successfully deleted the product listing.
[2021-07-07T12:46:04.546Z] undefined - info: Server is running on port 443...
[2021-07-07T12:46:19.037Z] sampletest@gmail.com - info: Welcome! Successfully signed in.
[2021-07-07T12:46:21.567Z] Not available - info: Successfully deleted the product listing.
[2021-07-07T12:46:36.913Z] undefined - info: Server is running on port 443...
[2021-07-07T12:46:41.155Z] Not available - info: Successfully deleted the product listing.
[2021-07-07T12:47:30.781Z] undefined - info: Server is running on port 443...
[2021-07-07T12:49:01.895Z] undefined - info: Server is running on port 443...
[2021-07-07T12:49:06.124Z] undefined - info: Server is running on port 443...
[2021-07-07T12:49:07.486Z] Not available - info: Successfully deleted the product listing.
[2021-07-07T12:58:19.220Z] undefined - info: Server is running on port 443...
[2021-07-07T12:58:29.547Z] sampletest@gmail.com - info: Welcome! Successfully signed in.
[2021-07-07T12:58:33.378Z] Not available - info: Successfully deleted the product listing.
[2021-07-07T12:59:08.883Z] undefined - info: Server is running on port 443...
[2021-07-07T12:59:15.622Z] undefined - info: Server is running on port 443...
[2021-07-07T12:59:21.061Z] undefined - info: Server is running on port 443...
[2021-07-07T12:59:22.715Z] Not available - info: Successfully deleted the product listing.
[2021-07-07T12:59:41.435Z] Not available - info: Successfully deleted the product listing.
[2021-07-07T13:00:06.093Z] undefined - info: Server is running on port 443...
[2021-07-07T13:00:09.192Z] undefined - info: Server is running on port 443...
[2021-07-07T13:00:12.537Z] undefined - info: Server is running on port 443...
[2021-07-07T13:00:50.108Z] undefined - info: Server is running on port 443...
[2021-07-07T13:01:02.443Z] undefined - info: Server is running on port 443...
[2021-07-07T13:01:12.742Z] undefined - info: Server is running on port 443...
[2021-07-07T13:01:21.626Z] undefined - info: Server is running on port 443...
[2021-07-07T13:01:51.524Z] undefined - info: Server is running on port 443...
[2021-07-07T13:01:56.674Z] undefined - info: Server is running on port 443...
[2021-07-07T13:02:08.473Z] undefined - info: Server is running on port 443...
