[2021-08-02T17:38:38.372Z] sampletestgmail.com - error: Email address not found in database.
[2021-08-02T17:38:46.985Z] sampletest@gmail.com - info: Welcome! Successfully signed in.
[2021-08-02T17:38:53.666Z] undefined - error: Error: Input format is wrong.
[2021-08-02T17:39:00.430Z] sampletest@gmail.com - info: Welcome! Successfully signed in.
[2021-08-02T17:39:05.426Z] sampletestgmail.com - error: Email address not found in database.
[2021-08-02T17:40:25.235Z] undefined - info: Server is running on port 443...
[2021-08-02T17:40:48.520Z] undefined - info: Server is running on port 443...
[2021-08-02T17:40:51.463Z] undefined - info: Server is running on port 443...
[2021-08-02T17:41:08.362Z] undefined - info: Server is running on port 443...
[2021-08-02T17:41:16.335Z] undefined - info: Server is running on port 443...
[2021-08-02T17:41:17.829Z] undefined - info: Server is running on port 443...
[2021-08-02T17:41:21.510Z] undefined - info: Server is running on port 443...
[2021-08-02T17:41:27.416Z] undefined - info: Server is running on port 443...
[2021-08-02T17:41:44.147Z] undefined - info: Server is running on port 443...
[2021-08-02T17:42:16.666Z] undefined - info: Server is running on port 443...
[2021-08-02T17:42:27.883Z] undefined - info: Server is running on port 443...
[2021-08-02T17:42:35.713Z] undefined - info: Server is running on port 443...
[2021-08-02T17:43:07.265Z] undefined - info: Server is running on port 443...
[2021-08-02T17:43:10.677Z] undefined - info: Server is running on port 443...
[2021-08-02T17:43:12.346Z] undefined - info: Server is running on port 443...
[2021-08-02T17:43:16.801Z] sampletest@gmail.com - info: Welcome! Successfully signed in.
[2021-08-02T17:43:22.694Z] sampletestgmail.com - error: Invalid email address.
[2021-08-02T17:43:30.749Z] sampletest@gmail.com - info: Welcome! Successfully signed in.
[2021-08-02T17:46:22.965Z] sampletestgmail.com - error: Invalid email address.
[2021-08-02T17:46:29.745Z] sampletest@gmail.com - info: Welcome! Successfully signed in.
[2021-08-02T17:46:36.717Z] undefined - error: Error: Input format is wrong.
[2021-08-02T17:46:41.137Z] sampletest@gmail.com - info: Welcome! Successfully signed in.
[2021-08-02T17:46:46.580Z] undefined - error: Error: Input format is wrong.
[2021-08-02T17:46:50.631Z] sampletest@gmail.com - info: Welcome! Successfully signed in.
[2021-08-02T17:47:00.272Z] undefined - error: Error: Input format is wrong.
[2021-08-02T17:47:19.236Z] sampletest@gmail.com - info: Welcome! Successfully signed in.
[2021-08-02T17:47:20.696Z] sampletest@gmail.com - info: Welcome! Successfully signed in.
[2021-08-02T17:49:28.271Z] undefined - info: Server is running on port 443...
[2021-08-02T17:49:48.504Z] undefined - info: Server is running on port 443...
[2021-08-02T17:49:50.924Z] undefined - info: Server is running on port 443...
[2021-08-02T17:50:05.024Z] undefined - info: Server is running on port 443...
[2021-08-02T17:50:11.066Z] undefined - info: Server is running on port 443...
[2021-08-02T17:50:23.545Z] undefined - info: Server is running on port 443...
[2021-08-02T17:50:27.116Z] undefined - info: Server is running on port 443...
[2021-08-02T17:50:36.234Z] undefined - info: Server is running on port 443...
[2021-08-02T17:51:54.560Z] undefined - info: Server is running on port 443...
[2021-08-02T17:51:58.443Z] undefined - info: Server is running on port 443...
[2021-08-02T17:52:02.626Z] undefined - info: Server is running on port 443...
[2021-08-02T17:53:01.317Z] sampletest@gmail.com - info: Welcome! Successfully signed in.
[2021-08-02T17:53:13.466Z] sampletest@gmail.com - error: Deletion of session ID failed.
[2021-08-02T17:53:22.046Z] sampletest@gmail.com - error: Deletion of session ID failed.
[2021-08-02T17:53:23.841Z] sampletest@gmail.com - error: Deletion of session ID failed.
[2021-08-02T17:54:00.217Z] undefined - info: Server is running on port 443...
[2021-08-02T17:54:25.216Z] undefined - info: Server is running on port 443...
[2021-08-02T17:54:26.066Z] sampletest@gmail.com - error: Deletion of session ID failed.
[2021-08-02T17:55:08.599Z] undefined - info: Server is running on port 443...
[2021-08-02T17:55:10.861Z] undefined - info: Server is running on port 443...
[2021-08-02T17:55:13.160Z] undefined - info: Server is running on port 443...
[2021-08-02T17:55:16.533Z] undefined - info: Server is running on port 443...
[2021-08-02T17:55:18.570Z] undefined - info: Server is running on port 443...
[2021-08-02T17:55:21.742Z] undefined - info: Server is running on port 443...
[2021-08-02T17:55:22.630Z] sampletest@gmail.com - error: Deletion of session ID failed.
[2021-08-02T17:55:48.332Z] sampletest@gmail.com - info: Welcome! Successfully signed in.
[2021-08-02T17:55:52.857Z] sampletest@gmail.com - error: Deletion of session ID failed.
[2021-08-02T17:56:21.808Z] sampletest@gmail.com - error: Deletion of session ID failed.
[2021-08-02T18:04:15.683Z] sampletest@gmail.com - info: Welcome! Successfully signed in.
[2021-08-02T18:04:23.262Z] sampletest@gmail.com - error: Deletion of session ID failed.
[2021-08-02T18:07:24.695Z] sampletest@gmail.com - info: Welcome! Successfully signed in.
[2021-08-02T18:07:40.115Z] sampletest@gmail.com - info: Successfully signed out.
[2021-08-02T18:08:04.118Z] undefined - info: Server is running on port 443...
[2021-08-02T18:08:38.885Z] undefined - info: Server is running on port 443...
[2021-08-02T18:08:50.040Z] undefined - info: Server is running on port 443...
[2021-08-02T18:08:52.134Z] undefined - info: Server is running on port 443...
[2021-08-02T18:08:57.117Z] undefined - info: Server is running on port 443...
[2021-08-02T18:08:59.963Z] undefined - info: Server is running on port 443...
[2021-08-02T18:09:02.363Z] undefined - info: Server is running on port 443...
[2021-08-02T18:09:08.105Z] undefined - info: Server is running on port 443...
[2021-08-02T18:09:21.689Z] undefined - info: Server is running on port 443...
[2021-08-02T18:09:32.973Z] undefined - info: Server is running on port 443...
[2021-08-02T18:09:39.997Z] undefined - info: Server is running on port 443...
[2021-08-02T18:09:43.749Z] sampletest@gmail.com - info: Welcome! Successfully signed in.
[2021-08-02T18:09:49.216Z] sampletest@gmail.com - error: Deletion Error: Updated document empty or it doesn't contain session ID.
[2021-08-02T18:10:25.913Z] sampletest@gmail.com - info: Welcome! Successfully signed in.
[2021-08-02T18:10:38.721Z] sampletest@gmail.com - info: Welcome! Successfully signed in.
[2021-08-02T18:10:59.999Z] sampletest@gmail.com - error: Deletion Error: Updated document empty or it doesn't contain session ID.
[2021-08-02T18:11:11.187Z] undefined - info: Server is running on port 443...
[2021-08-02T18:11:13.343Z] undefined - info: Server is running on port 443...
[2021-08-02T18:11:21.428Z] undefined - info: Server is running on port 443...
[2021-08-02T18:11:23.476Z] undefined - info: Server is running on port 443...
[2021-08-02T18:11:32.135Z] undefined - info: Server is running on port 443...
[2021-08-02T18:11:36.114Z] undefined - info: Server is running on port 443...
[2021-08-02T18:11:37.469Z] sampletest@gmail.com - error: Deletion Error: Updated document empty or it doesn't contain session ID.
[2021-08-02T18:11:47.932Z] sampletest@gmail.com - error: Deletion Error: Updated document empty or it doesn't contain session ID.
[2021-08-02T18:11:50.818Z] sampletest@gmail.com - info: Welcome! Successfully signed in.
[2021-08-02T18:12:02.576Z] sampletest@gmail.com - error: Deletion Error: Updated document empty or it doesn't contain session ID.
[2021-08-02T18:12:48.841Z] undefined - info: Server is running on port 443...
[2021-08-02T18:12:57.046Z] undefined - info: Server is running on port 443...
[2021-08-02T18:13:06.158Z] undefined - info: Server is running on port 443...
[2021-08-02T18:13:12.286Z] undefined - info: Server is running on port 443...
[2021-08-02T18:13:26.237Z] undefined - info: Server is running on port 443...
[2021-08-02T18:13:52.441Z] sampletest@gmail.com - info: Successfully signed out.
[2021-08-02T18:13:57.669Z] sampletest@gmail.com - info: Welcome! Successfully signed in.
[2021-08-02T18:14:11.779Z] sampletest@gmail.com - info: Successfully signed out.
[2021-08-02T18:14:29.175Z] sampletestq@gmail.com - error: Update() error: Deletion of session ID failed.
[2021-08-02T18:15:25.069Z] undefined - info: Server is running on port 443...
[2021-08-02T18:15:27.120Z] sampletestq@gmail.com - error: Deletion Error: No document to update. Empty document returned.
[2021-08-02T18:15:44.741Z] sampletest@gmail.com - info: Welcome! Successfully signed in.
[2021-08-02T18:15:48.869Z] sampletest@gmail.com - info: Successfully signed out.
[2021-08-02T18:15:52.384Z] sampletest@gmail.com - info: Successfully signed out.
[2021-08-02T18:15:54.472Z] sampletest@gmail.com - info: Successfully signed out.
[2021-08-02T18:18:46.514Z] sampletest@gmail.com - info: Successfully signed out.
[2021-08-02T18:19:16.003Z] sampletest@gmail.com - info: Successfully signed out.
[2021-08-02T18:19:59.534Z] sampletest@gmail.com - info: Successfully signed out.
[2021-08-02T18:20:04.682Z] sampletest@gmail.com - info: Welcome! Successfully signed in.
[2021-08-02T18:20:08.404Z] sampletest@gmail.com - info: Successfully signed out.
[2021-08-02T18:20:12.023Z] sampletest@gmail.com - info: Successfully signed out.
[2021-08-02T18:20:15.700Z] sampletest@gmail.com - info: Welcome! Successfully signed in.
[2021-08-02T18:20:28.279Z] sampletest@gmail.com - info: Successfully signed out.
[2021-08-02T18:23:05.905Z] sampletest0@gmail.com - error: Deletion Error: No document to update. Empty document returned.
[2021-08-02T18:23:51.916Z] undefined - info: Server is running on port 443...
[2021-08-02T18:49:46.639Z] undefined - info: Server is running on port 443...
[2021-08-02T18:49:56.045Z] undefined - info: Server is running on port 443...
[2021-08-03T07:37:49.906Z] undefined - info: Server is running on port 443...
[2021-08-03T08:26:37.573Z] gta@gmail.com - info: Success. Account created.
[2021-08-03T08:26:52.784Z] gta@gmail.com - error: Email address already in use.
[2021-08-03T08:27:02.416Z] gtagmail.com - error: Error: Invalid input format.
[2021-08-03T08:27:25.160Z] undefined - info: Server is running on port 443...
[2021-08-03T08:27:48.305Z] undefined - info: Server is running on port 443...
[2021-08-03T08:27:53.734Z] undefined - info: Server is running on port 443...
[2021-08-03T08:28:00.677Z] undefined - info: Server is running on port 443...
[2021-08-03T08:28:03.043Z] undefined - info: Server is running on port 443...
[2021-08-03T08:28:09.187Z] undefined - info: Server is running on port 443...
[2021-08-03T08:28:17.140Z] undefined - info: Server is running on port 443...
[2021-08-03T08:28:25.581Z] undefined - info: Server is running on port 443...
[2021-08-03T08:28:33.173Z] undefined - info: Server is running on port 443...
[2021-08-03T11:01:20.536Z] undefined - info: Server is running on port 443...
[2021-08-03T11:01:59.471Z] undefined - info: Server is running on port 443...
[2021-08-03T11:02:00.971Z] undefined - info: Server is running on port 443...
[2021-08-03T11:02:05.793Z] undefined - info: Server is running on port 443...
[2021-08-03T11:02:11.440Z] undefined - info: Server is running on port 443...
[2021-08-03T11:02:12.719Z] undefined - info: Server is running on port 443...
[2021-08-03T11:02:16.755Z] undefined - info: Server is running on port 443...
[2021-08-03T11:02:26.654Z] undefined - info: Server is running on port 443...
[2021-08-03T11:02:34.897Z] undefined - info: Server is running on port 443...
[2021-08-03T11:02:37.838Z] gtagmail.com - error: Error: Invalid input format.
[2021-08-03T11:34:35.352Z] undefined - info: Server is running on port 443...
[2021-08-03T11:34:41.553Z] undefined - info: Server is running on port 443...
[2021-08-03T11:34:54.307Z] undefined - info: Server is running on port 443...
[2021-08-03T11:34:59.250Z] undefined - info: Server is running on port 443...
[2021-08-03T11:51:21.620Z] undefined - info: Server is running on port 443...
[2021-08-03T11:53:00.988Z] gtagmail.com - error: Error: Invalid input format.
[2021-08-03T11:53:01.020Z] gtagmail.com - info: Success. Account created.
[2021-08-03T11:53:01.020Z] gtagmail.com - error: Not able to save the instance.
[2021-08-03T11:55:39.777Z] undefined - info: Server is running on port 443...
[2021-08-03T11:55:43.694Z] gtagmail.com - error: Error: Invalid input format.
[2021-08-03T11:55:43.709Z] gtagmail.com - error: Email address already in use.
[2021-08-03T11:55:43.709Z] gtagmail.com - error: Lookup for email failed.
[2021-08-03T11:56:04.759Z] undefined - info: Server is running on port 443...
[2021-08-03T11:56:23.847Z] gta1@gmail.com - info: Success. Account created.
[2021-08-03T11:56:39.340Z] undefined - error: Error: Input format is wrong.
[2021-08-03T11:56:52.648Z] gta1@gmail.com - error: Error: Invalid input format.
[2021-08-03T11:56:52.650Z] gta1@gmail.com - error: Email address already in use.
[2021-08-03T11:56:52.651Z] gta1@gmail.com - error: Lookup for email failed.
[2021-08-03T11:58:07.967Z] undefined - info: Server is running on port 443...
[2021-08-03T11:58:12.955Z] undefined - info: Server is running on port 443...
[2021-08-03T11:58:38.867Z] gta1@gmail.com - error: Error: Invalid input format.
[2021-08-03T11:58:38.882Z] gta1@gmail.com - error: Email address already in use.
[2021-08-03T11:58:38.882Z] gta1@gmail.com - error: Lookup for email failed.
[2021-08-03T12:02:25.390Z] gta2@gmail.com - info: Success. Account created.
[2021-08-03T12:02:48.487Z] gta2@gmail.com - error: Email address already in use.
[2021-08-03T12:02:51.821Z] gta2@gmail.com - error: Email address already in use.
[2021-08-03T12:03:01.462Z] undefined - info: Server is running on port 443...
[2021-08-03T12:03:27.241Z] gta2@gmail.com - error: Email address already in use.
[2021-08-03T12:07:00.671Z] gta2@gmail.com - error: Email address already in use.
[2021-08-03T12:07:05.118Z] gta2gmail.com - error: Error: Invalid input format.
[2021-08-03T12:07:05.137Z] gta2gmail.com - info: Success. Account created.
[2021-08-03T12:07:05.138Z] gta2gmail.com - error: Not able to save the instance.
[2021-08-03T12:07:36.261Z] undefined - info: Server is running on port 443...
[2021-08-03T12:07:40.723Z] undefined - info: Server is running on port 443...
[2021-08-03T12:07:43.630Z] undefined - info: Server is running on port 443...
[2021-08-03T12:07:48.554Z] undefined - info: Server is running on port 443...
[2021-08-03T12:07:49.780Z] gta2gmail.com - error: Error: Invalid input format.
[2021-08-03T12:07:49.795Z] gta2gmail.com - error: Email address already in use.
[2021-08-03T12:07:49.798Z] gta2gmail.com - error: Lookup for email failed.
[2021-08-03T12:08:07.701Z] gta2gmail.com - error: Error: Invalid input format.
[2021-08-03T12:08:07.704Z] gta2gmail.com - error: Email address already in use.
[2021-08-03T12:08:07.706Z] gta2gmail.com - error: Lookup for email failed.
[2021-08-03T12:08:51.553Z] undefined - info: Server is running on port 443...
[2021-08-03T12:08:58.107Z] gta2gmail.com - error: Error: Invalid input format.
[2021-08-03T12:08:58.125Z] gta2gmail.com - error: Email address already in use.
[2021-08-03T12:08:58.130Z] gta2gmail.com - error: Lookup for email failed.
[2021-08-03T12:12:55.853Z] undefined - info: Server is running on port 443...
[2021-08-03T12:14:20.934Z] undefined - info: Server is running on port 443...
[2021-08-03T12:14:31.639Z] undefined - info: Server is running on port 443...
[2021-08-03T12:14:32.812Z] undefined - info: Server is running on port 443...
[2021-08-03T12:14:35.982Z] undefined - info: Server is running on port 443...
[2021-08-03T12:14:47.445Z] undefined - info: Server is running on port 443...
[2021-08-03T12:14:53.456Z] gta2gmail.com - error: Error: Invalid input format.
[2021-08-03T12:14:53.494Z] gta2gmail.com - info: Success. Account created.
[2021-08-03T12:14:53.499Z] gta2gmail.com - error: Not able to save the instance.
[2021-08-03T12:16:14.690Z] undefined - info: Server is running on port 443...
[2021-08-03T12:16:17.630Z] gta2gmail.com - error: Error: Invalid input format.
[2021-08-03T12:16:17.651Z] gta2gmail.com - error: Email address already in use.
[2021-08-03T12:16:17.655Z] gta2gmail.com - error: Lookup for email failed.
[2021-08-03T12:16:30.997Z] gta2@gmail.com - info: Success. Account created.
[2021-08-03T12:16:45.406Z] undefined - info: Server is running on port 443...
[2021-08-03T12:17:17.205Z] undefined - info: Server is running on port 443...
[2021-08-03T12:17:21.210Z] undefined - info: Server is running on port 443...
[2021-08-03T12:17:23.555Z] undefined - info: Server is running on port 443...
[2021-08-03T12:17:35.451Z] gta2@gmail.com - error: Email address already in use.
[2021-08-03T12:18:07.507Z] undefined - info: Server is running on port 443...
[2021-08-03T12:18:09.309Z] undefined - info: Server is running on port 443...
[2021-08-03T12:18:10.666Z] undefined - info: Server is running on port 443...
[2021-08-03T12:18:14.966Z] gta2@gmail.com - error: Email address already in use.
[2021-08-03T12:18:21.893Z] gta2gmail.com - error: Error: Invalid input format.
[2021-08-03T12:39:56.119Z] gta3gmail.com - error: Error: Invalid input format.
[2021-08-03T12:47:30.852Z] undefined - info: Server is running on port 443...
[2021-08-03T12:47:35.520Z] undefined - info: Server is running on port 443...
[2021-08-03T12:47:53.931Z] undefined - info: Server is running on port 443...
[2021-08-03T12:47:58.154Z] undefined - info: Server is running on port 443...
[2021-08-03T12:50:36.184Z] undefined - info: Server is running on port 443...
[2021-08-03T16:07:53.108Z] undefined - info: Server is running on port 443...
[2021-08-03T16:07:54.901Z] gta3gmail.com - error: Error: Invalid input format.
[2021-08-03T16:08:10.638Z] undefined - error: Error: Input format is wrong.
[2021-08-03T16:09:45.930Z] gta3@gmail.com - info: Success. Account created.
[2021-08-03T16:10:00.184Z] gta3@gmail.com - error: Email address already in use.
[2021-08-03T16:10:14.302Z] gtasa@gmail.com - error: Error: Invalid input format.
[2021-08-03T16:10:24.867Z] gtasa@gmail.com - info: Success. Account created.
[2021-08-03T16:14:04.455Z] sampletest@gmail.com - info: Welcome! Successfully signed in.
[2021-08-03T16:14:16.182Z] sampletestgmail.com - error: Error: Invalid input format.
[2021-08-03T16:14:28.688Z] sampletest@gmail.com - error: Wrong Password.
[2021-08-03T16:15:07.257Z] undefined - info: Server is running on port 443...
[2021-08-03T16:15:13.845Z] undefined - info: Server is running on port 443...
[2021-08-03T16:15:19.343Z] sampletest@gmail.com - info: Welcome! Successfully signed in.
[2021-08-03T16:15:25.268Z] sampletest@gmail.com - error: Wrong Password.
[2021-08-03T16:15:31.544Z] sampletest@gmail.com - info: Welcome! Successfully signed in.
[2021-08-03T16:15:37.932Z] undefined - error: Error: Input format is wrong.
[2021-08-03T16:15:47.479Z] sampletest@gmail.com - info: Welcome! Successfully signed in.
[2021-08-03T16:15:49.487Z] sampletest@gmail.com - info: Welcome! Successfully signed in.
[2021-08-03T16:16:40.971Z] sampletest@gmail.com - info: Welcome! Successfully signed in.
[2021-08-03T16:18:31.330Z] undefined - info: Server is running on port 443...
[2021-08-03T16:18:43.743Z] undefined - info: Server is running on port 443...
[2021-08-03T16:18:46.005Z] undefined - info: Server is running on port 443...
[2021-08-03T16:24:45.946Z] sampletest@gmail.com - info: Welcome! Successfully signed in.
[2021-08-03T16:25:05.092Z] sampletest0@gmail.com - error: Deletion Error: No document to update. Empty document returned.
[2021-08-03T16:25:11.219Z] sampletest@gmail.com - info: Successfully signed out.
[2021-08-03T16:25:14.926Z] sampletest@gmail.com - info: Successfully signed out.
[2021-08-03T16:25:27.839Z] sampletestgmail.com - error: Error: Invalid input format.
[2021-08-03T16:25:39.914Z] sampletes1t@gmail.com - error: Email address not found in database.
[2021-08-03T16:39:13.229Z] sampletestgmail.com - error: Error: Invalid input format.
[2021-08-03T16:39:20.775Z] sampletest@gmail.com - info: Successfully signed out.
[2021-08-03T16:39:37.886Z] undefined - error: Error: Input format is wrong.
[2021-08-03T16:39:44.372Z] sampletest@gmail.com - info: Successfully signed out.
[2021-08-03T16:39:53.718Z] sampletest@gmail.com - info: Successfully signed out.
[2021-08-03T17:54:55.499Z] undefined - info: Server is running on port 443...
[2021-08-03T17:55:00.620Z] sampletest@gmail.com - info: Welcome! Successfully signed in.
[2021-08-03T17:55:03.831Z] undefined - error: Error generated by find().
[2021-08-03T17:55:28.888Z] undefined - info: Server is running on port 443...
[2021-08-03T17:57:49.639Z] undefined - info: Server is running on port 443...
[2021-08-03T17:58:01.802Z] undefined - info: Server is running on port 443...
[2021-08-03T17:58:10.784Z] undefined - info: Server is running on port 443...
[2021-08-03T17:58:16.550Z] undefined - info: Server is running on port 443...
[2021-08-03T17:58:20.615Z] undefined - info: Server is running on port 443...
[2021-08-03T17:58:24.503Z] undefined - info: Server is running on port 443...
[2021-08-03T17:59:01.753Z] undefined - info: Success. Product listing created.
[2021-08-03T17:59:07.134Z] undefined - error: Product listing already available.
[2021-08-03T17:59:21.574Z] undefined - error: Error: Input format is wrong.
[2021-08-03T17:59:32.983Z] undefined - error: Error: Input format is wrong.
[2021-08-03T17:59:45.208Z] undefined - error: Error: Input format is wrong.
[2021-08-03T17:59:51.021Z] undefined - error: Error: Input format is wrong.
[2021-08-03T18:00:04.969Z] undefined - error: Product listing already available.
[2021-08-03T18:00:17.727Z] undefined - error: Not able to save the instance.
[2021-08-03T18:00:24.588Z] undefined - info: Success. Product listing created.
[2021-08-03T18:01:58.730Z] undefined - info: Server is running on port 443...
[2021-08-03T18:02:05.507Z] undefined - info: Server is running on port 443...
[2021-08-03T18:02:07.225Z] undefined - info: Server is running on port 443...
[2021-08-03T18:02:14.210Z] undefined - info: Server is running on port 443...
[2021-08-03T18:02:17.044Z] undefined - info: Server is running on port 443...
[2021-08-03T18:02:22.577Z] undefined - info: Server is running on port 443...
[2021-08-03T18:02:25.002Z] undefined - info: Server is running on port 443...
[2021-08-03T18:03:44.447Z] undefined - info: Server is running on port 443...
[2021-08-03T18:03:52.606Z] undefined - info: Server is running on port 443...
[2021-08-03T18:04:03.150Z] undefined - info: Server is running on port 443...
[2021-08-03T18:04:11.011Z] undefined - info: Server is running on port 443...
[2021-08-03T18:04:18.240Z] undefined - info: Server is running on port 443...
[2021-08-03T18:04:36.983Z] undefined - info: Success. Product listing created.
[2021-08-03T18:04:45.784Z] sampletest@gmail.com - info: Welcome! Successfully signed in.
[2021-08-03T18:04:54.079Z] sampletest@gmail.com - info: Successfully signed out.
[2021-08-03T18:04:59.099Z] undefined - error: Session does not exist.
[2021-08-03T18:05:11.278Z] sampletest@gmail.com - info: Welcome! Successfully signed in.
[2021-08-03T18:05:14.299Z] undefined - error: Product listing already available.
[2021-08-03T18:06:28.539Z] undefined - info: Server is running on port 443...
[2021-08-03T18:06:41.118Z] undefined - info: Server is running on port 443...
[2021-08-03T18:06:52.333Z] undefined - info: Server is running on port 443...
[2021-08-03T18:07:03.299Z] sampletest@gmail.com - info: Welcome! Successfully signed in.
[2021-08-03T18:07:06.853Z] undefined - info: Product found.
[2021-08-03T18:07:16.582Z] undefined - info: Product found.
[2021-08-03T18:07:25.711Z] undefined - error: No product available.
[2021-08-03T18:07:33.143Z] undefined - error: Error: Input format is wrong.
[2021-08-03T18:07:40.609Z] sampletest@gmail.com - info: Successfully signed out.
[2021-08-03T18:07:43.436Z] sampletest@gmail.com - info: Welcome! Successfully signed in.
[2021-08-03T18:07:46.549Z] undefined - info: Product found.
[2021-08-03T18:07:50.430Z] sampletest@gmail.com - info: Successfully signed out.
[2021-08-03T18:07:53.288Z] undefined - error: Session does not exist.
[2021-08-03T18:07:57.442Z] sampletest@gmail.com - info: Welcome! Successfully signed in.
[2021-08-03T18:08:00.307Z] undefined - info: Product found.
[2021-08-03T18:08:34.047Z] undefined - info: Server is running on port 443...
[2021-08-03T18:08:42.344Z] undefined - info: Server is running on port 443...
[2021-08-03T18:08:45.318Z] undefined - info: Server is running on port 443...
[2021-08-03T18:08:47.909Z] undefined - info: Server is running on port 443...
[2021-08-03T18:08:52.231Z] undefined - info: Server is running on port 443...
[2021-08-03T18:09:10.844Z] undefined - info: Server is running on port 443...
[2021-08-03T18:09:12.715Z] undefined - info: Server is running on port 443...
[2021-08-03T18:09:19.463Z] undefined - info: Server is running on port 443...
[2021-08-03T18:09:27.672Z] undefined - info: Server is running on port 443...
[2021-08-03T18:09:33.702Z] undefined - info: Server is running on port 443...
[2021-08-03T18:09:36.689Z] undefined - info: Server is running on port 443...
[2021-08-03T18:09:42.644Z] undefined - info: Server is running on port 443...
[2021-08-03T18:09:48.650Z] undefined - info: Server is running on port 443...
[2021-08-03T18:19:27.531Z] undefined - error: Session does not exist.
[2021-08-03T18:19:32.611Z] sampletest@gmail.com - info: Welcome! Successfully signed in.
[2021-08-03T18:19:35.924Z] undefined - info: Successfully updated the product listing.
[2021-08-03T18:19:47.516Z] undefined - info: Successfully updated the product listing.
[2021-08-03T18:19:56.833Z] undefined - info: Successfully updated the product listing.
[2021-08-03T18:20:19.430Z] undefined - error: Error generated by find().
[2021-08-03T18:20:28.702Z] undefined - info: Successfully updated the product listing.
[2021-08-03T18:20:34.935Z] undefined - error: Error: Input format is wrong.
[2021-08-03T18:20:39.014Z] undefined - info: Successfully updated the product listing.
[2021-08-03T18:22:41.846Z] undefined - info: Server is running on port 443...
[2021-08-03T18:22:58.919Z] undefined - info: Server is running on port 443...
[2021-08-03T18:23:04.166Z] undefined - info: Server is running on port 443...
[2021-08-03T18:23:17.192Z] undefined - info: Server is running on port 443...
[2021-08-03T18:23:24.947Z] undefined - info: Server is running on port 443...
[2021-08-03T18:24:04.996Z] undefined - info: Server is running on port 443...
[2021-08-03T18:24:10.880Z] undefined - info: Server is running on port 443...
[2021-08-03T18:24:36.712Z] undefined - error: No product available.
[2021-08-03T18:24:45.848Z] undefined - error: Error: Input format is wrong.
[2021-08-03T18:24:51.347Z] sampletest@gmail.com - info: Successfully signed out.
[2021-08-03T18:24:54.085Z] undefined - error: Session does not exist.
[2021-08-03T18:25:00.985Z] sampletest@gmail.com - info: Welcome! Successfully signed in.
[2021-08-03T18:25:08.464Z] undefined - info: Successfully deleted the product listing.
[2021-08-03T18:28:08.308Z] undefined - info: Server is running on port 443...
[2021-08-03T18:28:13.332Z] undefined - info: Server is running on port 443...
[2021-08-03T18:28:27.547Z] undefined - info: Server is running on port 443...
[2021-08-03T18:28:30.987Z] undefined - info: Server is running on port 443...
[2021-08-03T18:28:34.993Z] undefined - info: Server is running on port 443...
[2021-08-03T18:28:40.666Z] undefined - info: Server is running on port 443...
[2021-08-03T18:28:47.242Z] undefined - info: Server is running on port 443...
[2021-08-03T18:28:53.653Z] undefined - info: Server is running on port 443...
[2021-08-03T18:29:09.311Z] undefined - info: Server is running on port 443...
[2021-08-03T18:29:29.368Z] undefined - info: Server is running on port 443...
[2021-08-03T18:29:36.084Z] undefined - info: Server is running on port 443...
[2021-08-03T18:29:43.142Z] undefined - info: Server is running on port 443...
[2021-08-03T18:29:47.623Z] undefined - info: Server is running on port 443...
[2021-08-03T18:30:22.817Z] undefined - info: Server is running on port 443...
[2021-08-03T18:30:25.382Z] undefined - info: Server is running on port 443...
[2021-08-03T18:30:28.917Z] undefined - info: Server is running on port 443...
[2021-08-03T18:30:40.399Z] undefined - info: Server is running on port 443...
[2021-08-03T18:31:08.140Z] undefined - info: Server is running on port 443...
[2021-08-03T18:31:24.510Z] undefined - info: Server is running on port 443...
[2021-08-03T18:31:33.819Z] undefined - info: Server is running on port 443...
[2021-08-03T18:31:38.019Z] undefined - info: Server is running on port 443...
[2021-08-03T18:31:41.410Z] undefined - info: Server is running on port 443...
[2021-08-03T18:31:44.992Z] undefined - info: Server is running on port 443...
[2021-08-03T18:31:50.222Z] undefined - info: Server is running on port 443...
[2021-08-03T18:31:53.366Z] undefined - info: Server is running on port 443...
[2021-08-03T18:31:57.495Z] undefined - info: Server is running on port 443...
[2021-08-03T18:36:29.012Z] undefined - info: Server is running on port 443...
[2021-08-03T18:36:31.402Z] undefined - info: Server is running on port 443...
[2021-08-03T18:37:12.432Z] undefined - info: Server is running on port 443...
[2021-08-03T18:37:42.594Z] undefined - info: Server is running on port 443...
[2021-08-03T18:37:45.158Z] undefined - info: Server is running on port 443...
[2021-08-03T18:37:53.994Z] undefined - info: Server is running on port 443...
[2021-08-03T18:37:58.478Z] undefined - info: Server is running on port 443...
[2021-08-03T18:38:05.258Z] undefined - info: Server is running on port 443...
[2021-08-03T18:39:15.534Z] undefined - info: Server is running on port 443...
[2021-08-03T18:39:30.836Z] undefined - info: Server is running on port 443...
[2021-08-03T18:39:43.653Z] undefined - info: Server is running on port 443...
[2021-08-03T18:41:55.217Z] undefined - info: Server is running on port 443...
[2021-08-03T18:42:04.908Z] undefined - info: Server is running on port 443...
[2021-08-03T18:42:43.781Z] undefined - info: Server is running on port 443...
[2021-08-03T18:42:53.906Z] undefined - info: Server is running on port 443...
[2021-08-03T18:42:59.897Z] undefined - info: Server is running on port 443...
[2021-08-03T18:43:08.845Z] undefined - info: Server is running on port 443...
[2021-08-03T18:43:30.002Z] undefined - info: Server is running on port 443...
[2021-08-03T18:43:43.579Z] undefined - info: Server is running on port 443...
[2021-08-03T18:44:07.489Z] undefined - info: Server is running on port 443...
[2021-08-03T18:44:37.216Z] undefined - info: Server is running on port 443...
[2021-08-03T18:44:49.285Z] undefined - info: Server is running on port 443...
[2021-08-03T18:44:52.715Z] undefined - info: Server is running on port 443...
[2021-08-03T18:45:10.037Z] undefined - info: Server is running on port 443...
[2021-08-03T18:45:51.448Z] undefined - info: Server is running on port 443...
[2021-08-03T18:46:10.735Z] undefined - info: Server is running on port 443...
[2021-08-03T18:46:18.905Z] undefined - info: Server is running on port 443...
[2021-08-03T18:46:21.070Z] undefined - info: Server is running on port 443...
[2021-08-03T18:46:24.704Z] undefined - info: Server is running on port 443...
[2021-08-03T18:46:30.396Z] undefined - info: Server is running on port 443...
[2021-08-03T18:46:39.842Z] undefined - info: Server is running on port 443...
[2021-08-03T18:46:45.121Z] undefined - info: Server is running on port 443...
[2021-08-03T18:47:30.760Z] undefined - info: Server is running on port 443...
[2021-08-03T18:47:33.275Z] undefined - info: Server is running on port 443...
[2021-08-03T18:47:38.394Z] undefined - info: Server is running on port 443...
[2021-08-03T18:47:55.032Z] undefined - info: Server is running on port 443...
[2021-08-03T18:47:59.531Z] undefined - info: Server is running on port 443...
[2021-08-03T18:48:02.664Z] undefined - info: Server is running on port 443...
[2021-08-03T18:48:12.066Z] undefined - info: Server is running on port 443...
[2021-08-03T18:48:21.932Z] undefined - info: Server is running on port 443...
[2021-08-03T18:48:25.218Z] undefined - info: Server is running on port 443...
[2021-08-03T18:48:28.387Z] undefined - info: Server is running on port 443...
[2021-08-03T18:48:41.936Z] undefined - info: Server is running on port 443...
[2021-08-03T18:48:45.923Z] undefined - info: Server is running on port 443...
[2021-08-03T18:48:48.595Z] undefined - info: Server is running on port 443...
[2021-08-03T18:51:11.640Z] undefined - info: Server is running on port 443...
[2021-08-03T18:51:20.569Z] undefined - info: Server is running on port 443...
[2021-08-03T18:51:24.807Z] undefined - info: Server is running on port 443...
[2021-08-03T18:51:28.119Z] undefined - info: Server is running on port 443...
[2021-08-03T18:51:40.278Z] undefined - info: Server is running on port 443...
[2021-08-03T18:51:49.245Z] undefined - info: Server is running on port 443...
[2021-08-03T18:52:05.006Z] undefined - info: Server is running on port 443...
[2021-08-03T18:52:15.936Z] undefined - info: Server is running on port 443...
[2021-08-03T18:52:28.947Z] undefined - info: Server is running on port 443...
[2021-08-03T18:52:32.068Z] undefined - info: Server is running on port 443...
[2021-08-03T18:52:35.711Z] undefined - info: Server is running on port 443...
[2021-08-03T18:52:41.624Z] undefined - info: Server is running on port 443...
[2021-08-03T18:52:47.394Z] undefined - info: Server is running on port 443...
[2021-08-03T18:52:54.305Z] undefined - info: Server is running on port 443...
[2021-08-03T18:52:58.515Z] undefined - info: Server is running on port 443...
[2021-08-03T18:53:00.737Z] undefined - info: Server is running on port 443...
[2021-08-03T18:53:05.452Z] undefined - info: Server is running on port 443...
[2021-08-03T18:54:49.151Z] undefined - info: Server is running on port 443...
[2021-08-03T18:54:51.634Z] undefined - info: Server is running on port 443...
[2021-08-03T18:56:00.231Z] undefined - info: Server is running on port 443...
[2021-08-03T18:56:06.933Z] undefined - info: Server is running on port 443...
[2021-08-03T18:56:24.755Z] undefined - info: Server is running on port 443...
[2021-08-03T18:56:35.569Z] undefined - info: Server is running on port 443...
[2021-08-03T18:56:43.467Z] undefined - info: Server is running on port 443...
[2021-08-03T18:56:48.312Z] undefined - info: Server is running on port 443...
[2021-08-03T18:56:51.239Z] undefined - info: Server is running on port 443...
[2021-08-03T18:56:56.374Z] undefined - info: Server is running on port 443...
[2021-08-03T18:57:01.420Z] undefined - info: Server is running on port 443...
[2021-08-03T18:57:15.814Z] undefined - info: Server is running on port 443...
[2021-08-03T18:57:18.015Z] undefined - info: Server is running on port 443...
[2021-08-03T18:57:27.108Z] undefined - info: Server is running on port 443...
[2021-08-03T18:57:48.890Z] undefined - info: Server is running on port 443...
[2021-08-03T18:57:58.141Z] undefined - info: Server is running on port 443...
[2021-08-03T18:58:00.564Z] undefined - info: Server is running on port 443...
[2021-08-03T18:59:24.520Z] undefined - info: Server is running on port 443...
[2021-08-03T18:59:27.443Z] undefined - info: Server is running on port 443...
[2021-08-03T18:59:37.656Z] undefined - info: Server is running on port 443...
